<?xml version="1.0" encoding="UTF-8"?>
<!-- Generated by org.testng.reporters.JUnitReportReporter -->
<testsuite hostname="DESKTOP-7ST29U4" failures="0" tests="1" name="sample.PostExample" time="2.366" errors="0" timestamp="2022-06-22T12:10:31 IST" skipped="0">
  <testcase classname="sample.PostExample" name="post1" time="2.366"/>
  <system-out/>
</testsuite> <!-- sample.PostExample -->
