<?xml version="1.0" encoding="UTF-8"?>
<!-- Generated by org.testng.reporters.JUnitReportReporter -->
<testsuite hostname="DESKTOP-7ST29U4" failures="0" tests="1" name="sample.SerializationExample" time="2.597" errors="0" timestamp="2022-07-02T14:35:14 IST" skipped="0">
  <testcase classname="sample.SerializationExample" name="del" time="2.597"/>
  <system-out/>
</testsuite> <!-- sample.SerializationExample -->
