<?xml version="1.0" encoding="UTF-8"?>
<!-- Generated by org.testng.reporters.JUnitReportReporter -->
<testsuite hostname="DESKTOP-7ST29U4" failures="0" tests="1" name="sample.Getwithqueryparam" time="3.555" errors="0" timestamp="2022-06-16T15:59:10 IST" skipped="0">
  <testcase classname="sample.Getwithqueryparam" name="verifyresponse1" time="3.555"/>
  <system-out/>
</testsuite> <!-- sample.Getwithqueryparam -->
