<?xml version="1.0" encoding="UTF-8"?>
<!-- Generated by org.testng.reporters.JUnitReportReporter -->
<testsuite hostname="DESKTOP-7ST29U4" failures="0" tests="1" name="sample.GetChocolate" time="4.536" errors="0" timestamp="2022-07-02T11:38:32 IST" skipped="0">
  <testcase classname="sample.GetChocolate" name="Chocolatemethod" time="4.536"/>
  <system-out/>
</testsuite> <!-- sample.GetChocolate -->
