<?xml version="1.0" encoding="UTF-8"?>
<!-- Generated by org.testng.reporters.JUnitReportReporter -->
<testsuite hostname="DESKTOP-7ST29U4" failures="0" tests="1" name="sample.SpecBuilder" time="2.451" errors="0" timestamp="2022-06-23T12:53:53 IST" skipped="0">
  <testcase classname="sample.SpecBuilder" name="spec_builder" time="2.451"/>
  <system-out/>
</testsuite> <!-- sample.SpecBuilder -->
